<?xml version="1.0" encoding="UTF-8"?>
<testng-results ignored="0" total="1" passed="1" failed="0" skipped="0">
  <reporter-output>
  </reporter-output>
  <suite started-at="2022-08-13T12:29:24 IST" name="Suite" finished-at="2022-08-13T12:29:31 IST" duration-ms="7234">
    <groups>
    </groups>
    <test started-at="2022-08-13T12:29:24 IST" name="Test" finished-at="2022-08-13T12:29:31 IST" duration-ms="7234">
      <class name="FetchWeather.FetchWeatherReportTest">
        <test-method is-config="true" signature="classSetup()[pri:0, instance:FetchWeather.FetchWeatherReportTest@27462a88]" started-at="2022-08-13T12:29:24 IST" name="classSetup" finished-at="2022-08-13T12:29:24 IST" duration-ms="708" status="PASS">
          <reporter-output>
          </reporter-output>
        </test-method> <!-- classSetup -->
        <test-method is-config="true" signature="methodSetup()[pri:0, instance:FetchWeather.FetchWeatherReportTest@27462a88]" started-at="2022-08-13T12:29:24 IST" name="methodSetup" finished-at="2022-08-13T12:29:30 IST" duration-ms="5768" status="PASS">
          <reporter-output>
          </reporter-output>
        </test-method> <!-- methodSetup -->
        <test-method signature="fetchWeatherReportTest()[pri:0, instance:FetchWeather.FetchWeatherReportTest@27462a88]" started-at="2022-08-13T12:29:30 IST" name="fetchWeatherReportTest" finished-at="2022-08-13T12:29:31 IST" duration-ms="564" status="PASS">
          <reporter-output>
          </reporter-output>
        </test-method> <!-- fetchWeatherReportTest -->
        <test-method is-config="true" signature="methodTearDown()[pri:0, instance:FetchWeather.FetchWeatherReportTest@27462a88]" started-at="2022-08-13T12:29:31 IST" name="methodTearDown" finished-at="2022-08-13T12:29:31 IST" duration-ms="140" status="PASS">
          <reporter-output>
          </reporter-output>
        </test-method> <!-- methodTearDown -->
        <test-method is-config="true" signature="classTearDown()[pri:0, instance:FetchWeather.FetchWeatherReportTest@27462a88]" started-at="2022-08-13T12:29:31 IST" name="classTearDown" finished-at="2022-08-13T12:29:31 IST" duration-ms="2" status="PASS">
          <reporter-output>
          </reporter-output>
        </test-method> <!-- classTearDown -->
      </class> <!-- FetchWeather.FetchWeatherReportTest -->
    </test> <!-- Test -->
  </suite> <!-- Suite -->
</testng-results>
